<?xml version="1.0" encoding="UTF-8"?>
<coverage generated="1750207418822" clover="3.2.0">
  <project timestamp="1750207418822" name="All files">
    <metrics statements="24" coveredstatements="17" conditionals="6" coveredconditionals="4" methods="7" coveredmethods="4" elements="37" coveredelements="25" complexity="0" loc="24" ncloc="24" packages="1" files="2" classes="2"/>
    <file name="ShortenService.ts" path="C:\Users\germano_gomes\Music\encurtador\encurtador-backend\src\Services\ShortenService.ts">
      <metrics statements="18" coveredstatements="11" conditionals="4" coveredconditionals="2" methods="5" coveredmethods="2"/>
      <line num="1" count="1" type="stmt"/>
      <line num="2" count="1" type="stmt"/>
      <line num="4" count="1" type="stmt"/>
      <line num="5" count="1" type="stmt"/>
      <line num="8" count="2" type="stmt"/>
      <line num="10" count="2" type="stmt"/>
      <line num="11" count="2" type="cond" truecount="2" falsecount="0"/>
      <line num="13" count="2" type="stmt"/>
      <line num="20" count="2" type="stmt"/>
      <line num="22" count="2" type="stmt"/>
      <line num="26" count="0" type="stmt"/>
      <line num="27" count="0" type="cond" truecount="0" falsecount="2"/>
      <line num="28" count="0" type="stmt"/>
      <line num="31" count="0" type="stmt"/>
      <line num="34" count="0" type="stmt"/>
      <line num="35" count="0" type="stmt"/>
      <line num="36" count="0" type="stmt"/>
      <line num="40" count="1" type="stmt"/>
    </file>
    <file name="SumService.ts" path="C:\Users\germano_gomes\Music\encurtador\encurtador-backend\src\Services\SumService.ts">
      <metrics statements="6" coveredstatements="6" conditionals="2" coveredconditionals="2" methods="2" coveredmethods="2"/>
      <line num="2" count="1" type="stmt"/>
      <line num="3" count="1" type="stmt"/>
      <line num="6" count="1" type="stmt"/>
      <line num="7" count="2" type="cond" truecount="2" falsecount="0"/>
      <line num="8" count="1" type="stmt"/>
      <line num="11" count="1" type="stmt"/>
    </file>
  </project>
</coverage>
