{"C:\\Users\\germano_gomes\\Music\\encurtador\\encurtador-backend\\src\\Services\\ShortenService.ts": {"path":"C:\\Users\\germano_gomes\\Music\\encurtador\\encurtador-backend\\src\\Services\\ShortenService.ts","statementMap":{"0":{"start":{"line":1,"column":0},"end":{"line":1,"column":27}},"1":{"start":{"line":2,"column":0},"end":{"line":2,"column":42}},"2":{"start":{"line":4,"column":0},"end":{"line":4,"column":39}},"3":{"start":{"line":5,"column":0},"end":{"line":5,"column":27}},"4":{"start":{"line":8,"column":26},"end":{"line":23,"column":null}},"5":{"start":{"line":10,"column":31},"end":{"line":10,"column":88}},"6":{"start":{"line":11,"column":25},"end":{"line":11,"column":70}},"7":{"start":{"line":13,"column":21},"end":{"line":18,"column":18}},"8":{"start":{"line":20,"column":8},"end":{"line":20,"column":null}},"9":{"start":{"line":22,"column":8},"end":{"line":22,"column":null}},"10":{"start":{"line":26,"column":21},"end":{"line":26,"column":85}},"11":{"start":{"line":27,"column":8},"end":{"line":29,"column":9}},"12":{"start":{"line":28,"column":12},"end":{"line":28,"column":null}},"13":{"start":{"line":31,"column":8},"end":{"line":31,"column":null}},"14":{"start":{"line":34,"column":32},"end":{"line":37,"column":null}},"15":{"start":{"line":35,"column":23},"end":{"line":35,"column":50}},"16":{"start":{"line":36,"column":8},"end":{"line":36,"column":null}},"17":{"start":{"line":40,"column":13},"end":{"line":40,"column":51}}},"fnMap":{"0":{"name":"(anonymous_8)","decl":{"start":{"line":8,"column":17},"end":{"line":8,"column":25}},"loc":{"start":{"line":8,"column":25},"end":{"line":23,"column":null}}},"1":{"name":"(anonymous_9)","decl":{"start":{"line":8,"column":26},"end":{"line":8,"column":28}},"loc":{"start":{"line":8,"column":83},"end":{"line":23,"column":5}}},"2":{"name":"(anonymous_10)","decl":{"start":{"line":25,"column":17},"end":{"line":25,"column":33}},"loc":{"start":{"line":25,"column":52},"end":{"line":32,"column":null}}},"3":{"name":"(anonymous_12)","decl":{"start":{"line":34,"column":17},"end":{"line":34,"column":31}},"loc":{"start":{"line":34,"column":31},"end":{"line":37,"column":null}}},"4":{"name":"(anonymous_13)","decl":{"start":{"line":34,"column":32},"end":{"line":34,"column":34}},"loc":{"start":{"line":34,"column":56},"end":{"line":37,"column":5}}}},"branchMap":{"0":{"loc":{"start":{"line":11,"column":25},"end":{"line":11,"column":70}},"type":"cond-expr","locations":[{"start":{"line":11,"column":44},"end":{"line":11,"column":60}},{"start":{"line":11,"column":63},"end":{"line":11,"column":70}}]},"1":{"loc":{"start":{"line":27,"column":8},"end":{"line":29,"column":9}},"type":"if","locations":[{"start":{"line":27,"column":8},"end":{"line":29,"column":9}},{"start":{},"end":{}}]}},"s":{"0":1,"1":1,"2":1,"3":1,"4":2,"5":2,"6":2,"7":2,"8":2,"9":2,"10":0,"11":0,"12":0,"13":0,"14":0,"15":0,"16":0,"17":1},"f":{"0":2,"1":2,"2":0,"3":0,"4":0},"b":{"0":[1,1],"1":[0,0]}}
,"C:\\Users\\germano_gomes\\Music\\encurtador\\encurtador-backend\\src\\Services\\SumService.ts": {"path":"C:\\Users\\germano_gomes\\Music\\encurtador\\encurtador-backend\\src\\Services\\SumService.ts","statementMap":{"0":{"start":{"line":2,"column":0},"end":{"line":2,"column":16}},"1":{"start":{"line":6,"column":0},"end":{"line":6,"column":16}},"2":{"start":{"line":3,"column":4},"end":{"line":3,"column":17}},"3":{"start":{"line":7,"column":3},"end":{"line":9,"column":4}},"4":{"start":{"line":8,"column":4},"end":{"line":8,"column":null}},"5":{"start":{"line":11,"column":4},"end":{"line":11,"column":null}}},"fnMap":{"0":{"name":"Sum","decl":{"start":{"line":2,"column":16},"end":{"line":2,"column":19}},"loc":{"start":{"line":2,"column":40},"end":{"line":4,"column":1}}},"1":{"name":"Divisao","decl":{"start":{"line":6,"column":16},"end":{"line":6,"column":23}},"loc":{"start":{"line":6,"column":43},"end":{"line":12,"column":1}}}},"branchMap":{"0":{"loc":{"start":{"line":7,"column":3},"end":{"line":9,"column":4}},"type":"if","locations":[{"start":{"line":7,"column":3},"end":{"line":9,"column":4}},{"start":{},"end":{}}]}},"s":{"0":1,"1":1,"2":1,"3":2,"4":1,"5":1},"f":{"0":1,"1":2},"b":{"0":[1,1]}}
}
