TN:
SF:src\Services\ShortenService.ts
FN:8,(anonymous_8)
FN:8,(anonymous_9)
FN:25,(anonymous_10)
FN:34,(anonymous_12)
FN:34,(anonymous_13)
FNF:5
FNH:2
FNDA:2,(anonymous_8)
FNDA:2,(anonymous_9)
FNDA:0,(anonymous_10)
FNDA:0,(anonymous_12)
FNDA:0,(anonymous_13)
DA:1,1
DA:2,1
DA:4,1
DA:5,1
DA:8,2
DA:10,2
DA:11,2
DA:13,2
DA:20,2
DA:22,2
DA:26,0
DA:27,0
DA:28,0
DA:31,0
DA:34,0
DA:35,0
DA:36,0
DA:40,1
LF:18
LH:11
BRDA:11,0,0,1
BRDA:11,0,1,1
BRDA:27,1,0,0
BRDA:27,1,1,0
BRF:4
BRH:2
end_of_record
TN:
SF:src\Services\SumService.ts
FN:2,Sum
FN:6,Divisao
FNF:2
FNH:2
FNDA:1,Sum
FNDA:2,Divisao
DA:2,1
DA:3,1
DA:6,1
DA:7,2
DA:8,1
DA:11,1
LF:6
LH:6
BRDA:7,0,0,1
BRDA:7,0,1,1
BRF:2
BRH:2
end_of_record
